[debug] [2020-08-06T15:27:58.007Z] ----------------------------------------------------------------------
[debug] [2020-08-06T15:27:58.009Z] Command:       /usr/bin/node /usr/local/bin/firebase serve
[debug] [2020-08-06T15:27:58.009Z] CLI Version:   8.6.0
[debug] [2020-08-06T15:27:58.009Z] Platform:      linux
[debug] [2020-08-06T15:27:58.009Z] Node Version:  v10.19.0
[debug] [2020-08-06T15:27:58.009Z] Time:          Thu Aug 06 2020 11:27:58 GMT-0400 (Eastern Daylight Time)
[debug] [2020-08-06T15:27:58.009Z] ----------------------------------------------------------------------
[debug] [2020-08-06T15:27:58.009Z] 
[debug] [2020-08-06T15:27:58.014Z] > command requires scopes: ["email","openid","https://www.googleapis.com/auth/cloudplatformprojects.readonly","https://www.googleapis.com/auth/firebase","https://www.googleapis.com/auth/cloud-platform"]
[debug] [2020-08-06T15:27:58.015Z] > authorizing via signed-in user
[debug] [2020-08-06T15:27:58.015Z] [iam] checking project react-todo-ac8c2 for permissions ["firebase.projects.get"]
[debug] [2020-08-06T15:27:58.017Z] >>> HTTP REQUEST POST https://cloudresourcemanager.googleapis.com/v1/projects/react-todo-ac8c2:testIamPermissions  
 {"permissions":["firebase.projects.get"]}
[debug] [2020-08-06T15:27:58.364Z] <<< HTTP RESPONSE 200 {"content-type":"application/json; charset=UTF-8","vary":"X-Origin, Referer, Origin,Accept-Encoding","date":"Thu, 06 Aug 2020 15:27:58 GMT","server":"ESF","cache-control":"private","x-xss-protection":"0","x-frame-options":"SAMEORIGIN","x-content-type-options":"nosniff","server-timing":"gfet4t7; dur=200","alt-svc":"h3-29=\":443\"; ma=2592000,h3-27=\":443\"; ma=2592000,h3-T050=\":443\"; ma=2592000,h3-Q050=\":443\"; ma=2592000,h3-Q046=\":443\"; ma=2592000,h3-Q043=\":443\"; ma=2592000,quic=\":443\"; ma=2592000; v=\"46,43\"","accept-ranges":"none","transfer-encoding":"chunked"}
[debug] [2020-08-06T15:27:58.366Z] >>> HTTP REQUEST GET https://firebase.googleapis.com/v1beta1/projects/react-todo-ac8c2  
 
[debug] [2020-08-06T15:27:58.665Z] <<< HTTP RESPONSE 200 {"content-type":"application/json; charset=UTF-8","vary":"X-Origin, Referer, Origin,Accept-Encoding","date":"Thu, 06 Aug 2020 15:27:58 GMT","server":"ESF","cache-control":"private","x-xss-protection":"0","x-frame-options":"SAMEORIGIN","x-content-type-options":"nosniff","alt-svc":"h3-29=\":443\"; ma=2592000,h3-27=\":443\"; ma=2592000,h3-T050=\":443\"; ma=2592000,h3-Q050=\":443\"; ma=2592000,h3-Q046=\":443\"; ma=2592000,h3-Q043=\":443\"; ma=2592000,quic=\":443\"; ma=2592000; v=\"46,43\"","accept-ranges":"none","transfer-encoding":"chunked"}
[info] 
[info] === Serving from '/home/tim/Projects/React/todo-app'...
[info] 
[info] ✔  functions: Using node@10 from host. {"metadata":{"emulator":{"name":"functions"},"message":"Using node@10 from host."}}
[info] i  functions: Watching "/home/tim/Projects/React/todo-app/functions" for Cloud Functions... {"metadata":{"emulator":{"name":"functions"},"message":"Watching \"/home/tim/Projects/React/todo-app/functions\" for Cloud Functions..."}}
[debug] [2020-08-06T15:27:58.694Z] [worker-pool] addWorker(~diagnostic~) {"metadata":{"emulator":{"name":"functions"},"message":"[worker-pool] addWorker(~diagnostic~)"}}
[debug] [2020-08-06T15:27:58.694Z] [worker-pool] Adding worker with key ~diagnostic~, total=1 {"metadata":{"emulator":{"name":"functions"},"message":"[worker-pool] Adding worker with key ~diagnostic~, total=1"}}
[debug] [2020-08-06T15:27:58.694Z] [worker-pool] submitWork(triggerId=) {"metadata":{"emulator":{"name":"functions"},"message":"[worker-pool] submitWork(triggerId=)"}}
[debug] [2020-08-06T15:27:58.694Z] [worker-~diagnostic~-d95c6584-1a28-4dae-ae26-40c2402ba9af]: Assigning socketPath: /tmp/fire_emu_501216.sock {"metadata":{"emulator":{"name":"functions"},"message":"[worker-~diagnostic~-d95c6584-1a28-4dae-ae26-40c2402ba9af]: Assigning socketPath: /tmp/fire_emu_501216.sock"}}
[debug] [2020-08-06T15:27:58.695Z] [worker-~diagnostic~-d95c6584-1a28-4dae-ae26-40c2402ba9af]: BUSY {"metadata":{"emulator":{"name":"functions"},"message":"[worker-~diagnostic~-d95c6584-1a28-4dae-ae26-40c2402ba9af]: BUSY"}}
[debug] [2020-08-06T15:27:59.163Z] [runtime-status] [501216] Functions runtime initialized. {"cwd":"/home/tim/Projects/React/todo-app/functions","node_version":"10.19.0"} {"metadata":{"emulator":{"name":"functions"},"message":"[runtime-status] [501216] Functions runtime initialized. {\"cwd\":\"/home/tim/Projects/React/todo-app/functions\",\"node_version\":\"10.19.0\"}"}}
[debug] [2020-08-06T15:27:59.164Z] [runtime-status] [501216] Disabled runtime features: undefined {"metadata":{"emulator":{"name":"functions"},"message":"[runtime-status] [501216] Disabled runtime features: undefined"}}
[debug] [2020-08-06T15:27:59.166Z] [runtime-status] [501216] Resolved module firebase-admin {"declared":true,"installed":true,"version":"8.13.0","resolution":"/home/tim/Projects/React/todo-app/functions/node_modules/firebase-admin/lib/index.js"} {"metadata":{"emulator":{"name":"functions"},"message":"[runtime-status] [501216] Resolved module firebase-admin {\"declared\":true,\"installed\":true,\"version\":\"8.13.0\",\"resolution\":\"/home/tim/Projects/React/todo-app/functions/node_modules/firebase-admin/lib/index.js\"}"}}
[debug] [2020-08-06T15:27:59.166Z] [runtime-status] [501216] Resolved module firebase-functions {"declared":true,"installed":true,"version":"3.9.0","resolution":"/home/tim/Projects/React/todo-app/functions/node_modules/firebase-functions/lib/index.js"} {"metadata":{"emulator":{"name":"functions"},"message":"[runtime-status] [501216] Resolved module firebase-functions {\"declared\":true,\"installed\":true,\"version\":\"3.9.0\",\"resolution\":\"/home/tim/Projects/React/todo-app/functions/node_modules/firebase-functions/lib/index.js\"}"}}
[debug] [2020-08-06T15:27:59.167Z] [runtime-status] [501216] Resolved module firebase-functions {"declared":true,"installed":true,"version":"3.9.0","resolution":"/home/tim/Projects/React/todo-app/functions/node_modules/firebase-functions/lib/index.js"} {"metadata":{"emulator":{"name":"functions"},"message":"[runtime-status] [501216] Resolved module firebase-functions {\"declared\":true,\"installed\":true,\"version\":\"3.9.0\",\"resolution\":\"/home/tim/Projects/React/todo-app/functions/node_modules/firebase-functions/lib/index.js\"}"}}
[debug] [2020-08-06T15:27:59.170Z] [runtime-status] [501216] Outgoing network have been stubbed. [{"name":"http","status":"mocked"},{"name":"http","status":"mocked"},{"name":"https","status":"mocked"},{"name":"https","status":"mocked"},{"name":"net","status":"mocked"}] {"metadata":{"emulator":{"name":"functions"},"message":"[runtime-status] [501216] Outgoing network have been stubbed. [{\"name\":\"http\",\"status\":\"mocked\"},{\"name\":\"http\",\"status\":\"mocked\"},{\"name\":\"https\",\"status\":\"mocked\"},{\"name\":\"https\",\"status\":\"mocked\"},{\"name\":\"net\",\"status\":\"mocked\"}]"}}
[debug] [2020-08-06T15:27:59.170Z] [runtime-status] [501216] Resolved module firebase-functions {"declared":true,"installed":true,"version":"3.9.0","resolution":"/home/tim/Projects/React/todo-app/functions/node_modules/firebase-functions/lib/index.js"} {"metadata":{"emulator":{"name":"functions"},"message":"[runtime-status] [501216] Resolved module firebase-functions {\"declared\":true,\"installed\":true,\"version\":\"3.9.0\",\"resolution\":\"/home/tim/Projects/React/todo-app/functions/node_modules/firebase-functions/lib/index.js\"}"}}
[debug] [2020-08-06T15:27:59.198Z] [runtime-status] [501216] Checked functions.config() {"config":{}} {"metadata":{"emulator":{"name":"functions"},"message":"[runtime-status] [501216] Checked functions.config() {\"config\":{}}"}}
[debug] [2020-08-06T15:27:59.199Z] [runtime-status] [501216] firebase-functions has been stubbed. {"functionsResolution":{"declared":true,"installed":true,"version":"3.9.0","resolution":"/home/tim/Projects/React/todo-app/functions/node_modules/firebase-functions/lib/index.js"}} {"metadata":{"emulator":{"name":"functions"},"message":"[runtime-status] [501216] firebase-functions has been stubbed. {\"functionsResolution\":{\"declared\":true,\"installed\":true,\"version\":\"3.9.0\",\"resolution\":\"/home/tim/Projects/React/todo-app/functions/node_modules/firebase-functions/lib/index.js\"}}"}}
[debug] [2020-08-06T15:27:59.199Z] [runtime-status] [501216] Resolved module firebase-functions {"declared":true,"installed":true,"version":"3.9.0","resolution":"/home/tim/Projects/React/todo-app/functions/node_modules/firebase-functions/lib/index.js"} {"metadata":{"emulator":{"name":"functions"},"message":"[runtime-status] [501216] Resolved module firebase-functions {\"declared\":true,\"installed\":true,\"version\":\"3.9.0\",\"resolution\":\"/home/tim/Projects/React/todo-app/functions/node_modules/firebase-functions/lib/index.js\"}"}}
[debug] [2020-08-06T15:27:59.199Z] [runtime-status] [501216] Resolved module firebase-admin {"declared":true,"installed":true,"version":"8.13.0","resolution":"/home/tim/Projects/React/todo-app/functions/node_modules/firebase-admin/lib/index.js"} {"metadata":{"emulator":{"name":"functions"},"message":"[runtime-status] [501216] Resolved module firebase-admin {\"declared\":true,\"installed\":true,\"version\":\"8.13.0\",\"resolution\":\"/home/tim/Projects/React/todo-app/functions/node_modules/firebase-admin/lib/index.js\"}"}}
[debug] [2020-08-06T15:27:59.200Z] [runtime-status] [501216] Resolved module firebase-functions {"declared":true,"installed":true,"version":"3.9.0","resolution":"/home/tim/Projects/React/todo-app/functions/node_modules/firebase-functions/lib/index.js"} {"metadata":{"emulator":{"name":"functions"},"message":"[runtime-status] [501216] Resolved module firebase-functions {\"declared\":true,\"installed\":true,\"version\":\"3.9.0\",\"resolution\":\"/home/tim/Projects/React/todo-app/functions/node_modules/firebase-functions/lib/index.js\"}"}}
[debug] [2020-08-06T15:27:59.200Z] [runtime-status] [501216] firebase-admin has been stubbed. {"adminResolution":{"declared":true,"installed":true,"version":"8.13.0","resolution":"/home/tim/Projects/React/todo-app/functions/node_modules/firebase-admin/lib/index.js"}} {"metadata":{"emulator":{"name":"functions"},"message":"[runtime-status] [501216] firebase-admin has been stubbed. {\"adminResolution\":{\"declared\":true,\"installed\":true,\"version\":\"8.13.0\",\"resolution\":\"/home/tim/Projects/React/todo-app/functions/node_modules/firebase-admin/lib/index.js\"}}"}}
[debug] [2020-08-06T15:27:59.271Z] [runtime-status] [501216] initializeApp(DEFAULT) {"databaseURL":"https://react-todo-ac8c2.firebaseio.com","storageBucket":"react-todo-ac8c2.appspot.com","projectId":"react-todo-ac8c2"} {"metadata":{"emulator":{"name":"functions"},"message":"[runtime-status] [501216] initializeApp(DEFAULT) {\"databaseURL\":\"https://react-todo-ac8c2.firebaseio.com\",\"storageBucket\":\"react-todo-ac8c2.appspot.com\",\"projectId\":\"react-todo-ac8c2\"}"}}
[warn] ⚠  functions: The Cloud Firestore emulator is not running, so calls to Firestore will affect production. {"metadata":{"emulator":{"name":"functions"},"message":"The Cloud Firestore emulator is not running, so calls to Firestore will affect production."}}
[info] ✔  functions[api]: http function initialized (http://localhost:5000/react-todo-ac8c2/us-central1/api). {"metadata":{"emulator":{"name":"functions"},"message":"\u001b[1mhttp\u001b[22m function initialized (http://localhost:5000/react-todo-ac8c2/us-central1/api)."}}
[debug] [2020-08-06T15:27:59.491Z] [worker-~diagnostic~-d95c6584-1a28-4dae-ae26-40c2402ba9af]: IDLE {"metadata":{"emulator":{"name":"functions"},"message":"[worker-~diagnostic~-d95c6584-1a28-4dae-ae26-40c2402ba9af]: IDLE"}}
